This is pdfTeX, Version 3.1415926-2.3-1.40.12 (MiKTeX 2.9) (preloaded format=pdflatex 2014.11.16)  15 SEP 2015 20:14
entering extended mode
**final_report_7.tex
("D:\courses_UM\SURF\progress report\final report\latex\final_report_7.tex"
LaTeX2e <2011/06/27>
Babel <v3.8m> and hyphenation patterns for loaded.
("D:\courses_UM\SURF\progress report\final report\latex\ieeeconf.cls"

LaTeX Warning: You have requested document class `ieeeconf',
               but the document class provides `cssconf'.

Document Class: cssconf 2004/1/15 revision V1.6b by Pradeep Misra
\@IEEEtrantmpdimenA=\dimen102
\@IEEEtrantmpdimenB=\dimen103
\@IEEEtrantmpcountA=\count79
\@IEEEtrantmpcountB=\count80
\@IEEEtrantmptoksA=\toks14
LaTeX Font Info:    Try loading font information for OT1+ptm on input line 794.

(F:\Software\CTEX\MiKTeX\tex\latex\psnfss\ot1ptm.fd
File: ot1ptm.fd 2001/06/04 font definitions for OT1/ptm.
)
\@IEEEnormalsizefontbaselineskip=\skip41

-- This is a 10 point document.
\normalsizebaselineskip=\skip42
\normaljot=\skip43
LaTeX Font Info:    Font shape `OT1/ptm/bx/n' in size <5> not available
(Font)              Font shape `OT1/ptm/b/n' tried instead on input line 1113.
LaTeX Font Info:    Font shape `OT1/ptm/bx/it' in size <5> not available
(Font)              Font shape `OT1/ptm/b/it' tried instead on input line 1113.

LaTeX Font Info:    Font shape `OT1/ptm/bx/n' in size <7> not available
(Font)              Font shape `OT1/ptm/b/n' tried instead on input line 1113.
LaTeX Font Info:    Font shape `OT1/ptm/bx/it' in size <7> not available
(Font)              Font shape `OT1/ptm/b/it' tried instead on input line 1113.

LaTeX Font Info:    Font shape `OT1/ptm/bx/n' in size <8> not available
(Font)              Font shape `OT1/ptm/b/n' tried instead on input line 1113.
LaTeX Font Info:    Font shape `OT1/ptm/bx/it' in size <8> not available
(Font)              Font shape `OT1/ptm/b/it' tried instead on input line 1113.

LaTeX Font Info:    Font shape `OT1/ptm/bx/n' in size <9> not available
(Font)              Font shape `OT1/ptm/b/n' tried instead on input line 1113.
LaTeX Font Info:    Font shape `OT1/ptm/bx/it' in size <9> not available
(Font)              Font shape `OT1/ptm/b/it' tried instead on input line 1113.

LaTeX Font Info:    Font shape `OT1/ptm/bx/n' in size <10> not available
(Font)              Font shape `OT1/ptm/b/n' tried instead on input line 1113.
LaTeX Font Info:    Font shape `OT1/ptm/bx/it' in size <10> not available
(Font)              Font shape `OT1/ptm/b/it' tried instead on input line 1113.

LaTeX Font Info:    Font shape `OT1/ptm/bx/n' in size <11> not available
(Font)              Font shape `OT1/ptm/b/n' tried instead on input line 1113.
LaTeX Font Info:    Font shape `OT1/ptm/bx/it' in size <11> not available
(Font)              Font shape `OT1/ptm/b/it' tried instead on input line 1113.

LaTeX Font Info:    Font shape `OT1/ptm/bx/n' in size <12> not available
(Font)              Font shape `OT1/ptm/b/n' tried instead on input line 1113.
LaTeX Font Info:    Font shape `OT1/ptm/bx/it' in size <12> not available
(Font)              Font shape `OT1/ptm/b/it' tried instead on input line 1113.

LaTeX Font Info:    Font shape `OT1/ptm/bx/n' in size <16> not available
(Font)              Font shape `OT1/ptm/b/n' tried instead on input line 1113.
LaTeX Font Info:    Font shape `OT1/ptm/bx/it' in size <16> not available
(Font)              Font shape `OT1/ptm/b/it' tried instead on input line 1113.

LaTeX Font Info:    Font shape `OT1/ptm/bx/n' in size <20> not available
(Font)              Font shape `OT1/ptm/b/n' tried instead on input line 1113.
LaTeX Font Info:    Font shape `OT1/ptm/bx/it' in size <20> not available
(Font)              Font shape `OT1/ptm/b/it' tried instead on input line 1113.

LaTeX Font Info:    Font shape `OT1/ptm/bx/n' in size <24> not available
(Font)              Font shape `OT1/ptm/b/n' tried instead on input line 1113.
LaTeX Font Info:    Font shape `OT1/ptm/bx/it' in size <24> not available
(Font)              Font shape `OT1/ptm/b/it' tried instead on input line 1113.

\IEEEilabelindentA=\dimen104
\IEEEilabelindentB=\dimen105
\IEEEilabelindent=\dimen106
\IEEEelabelindent=\dimen107
\IEEEdlabelindent=\dimen108
\labelindent=\dimen109
\IEEEiednormlabelsep=\dimen110
\IEEEiedmathlabelsep=\dimen111
\IEEEiedtopsep=\skip44
\c@section=\count81
\c@subsection=\count82
\c@subsubsection=\count83
\c@paragraph=\count84
\c@IEEEsubequation=\count85
\abovecaptionskip=\skip45
\belowcaptionskip=\skip46
\c@figure=\count86
\c@table=\count87
\@IEEEeqnnumcols=\count88
\@IEEEeqncolcnt=\count89
\@IEEEtmpitemindent=\dimen112
\c@biography=\count90
\@IEEEtranrubishbin=\box26
)
** ATTENTION: Overriding command lockouts (line 9).
** ATTENTION: Overriding IEEE standard margins (line 12).
(F:\Software\CTEX\MiKTeX\tex\latex\ams\math\amsmath.sty
Package: amsmath 2000/07/18 v2.13 AMS math features
\@mathmargin=\skip47

For additional information on amsmath, use the `?' option.
(F:\Software\CTEX\MiKTeX\tex\latex\ams\math\amstext.sty
Package: amstext 2000/06/29 v2.01

(F:\Software\CTEX\MiKTeX\tex\latex\ams\math\amsgen.sty
File: amsgen.sty 1999/11/30 v2.0
\@emptytoks=\toks15
\ex@=\dimen113
))
(F:\Software\CTEX\MiKTeX\tex\latex\ams\math\amsbsy.sty
Package: amsbsy 1999/11/29 v1.2d
\pmbraise@=\dimen114
)
(F:\Software\CTEX\MiKTeX\tex\latex\ams\math\amsopn.sty
Package: amsopn 1999/12/14 v2.01 operator names
)
\inf@bad=\count91
LaTeX Info: Redefining \frac on input line 211.
\uproot@=\count92
\leftroot@=\count93
LaTeX Info: Redefining \overline on input line 307.
\classnum@=\count94
\DOTSCASE@=\count95
LaTeX Info: Redefining \ldots on input line 379.
LaTeX Info: Redefining \dots on input line 382.
LaTeX Info: Redefining \cdots on input line 467.
\Mathstrutbox@=\box27
\strutbox@=\box28
\big@size=\dimen115
LaTeX Font Info:    Redeclaring font encoding OML on input line 567.
LaTeX Font Info:    Redeclaring font encoding OMS on input line 568.
\macc@depth=\count96
\c@MaxMatrixCols=\count97
\dotsspace@=\muskip10
\c@parentequation=\count98
\dspbrk@lvl=\count99
\tag@help=\toks16
\row@=\count100
\column@=\count101
\maxfields@=\count102
\andhelp@=\toks17
\eqnshift@=\dimen116
\alignsep@=\dimen117
\tagshift@=\dimen118
\tagwidth@=\dimen119
\totwidth@=\dimen120
\lineht@=\dimen121
\@envbody=\toks18
\multlinegap=\skip48
\multlinetaggap=\skip49
\mathdisplay@stack=\toks19
LaTeX Info: Redefining \[ on input line 2666.
LaTeX Info: Redefining \] on input line 2667.
)
(F:\Software\CTEX\MiKTeX\tex\latex\amsfonts\amssymb.sty
Package: amssymb 2009/06/22 v3.00

(F:\Software\CTEX\MiKTeX\tex\latex\amsfonts\amsfonts.sty
Package: amsfonts 2009/06/22 v3.00 Basic AMSFonts support
\symAMSa=\mathgroup4
\symAMSb=\mathgroup5
LaTeX Font Info:    Overwriting math alphabet `\mathfrak' in version `bold'
(Font)                  U/euf/m/n --> U/euf/b/n on input line 96.
))
(F:\Software\CTEX\MiKTeX\tex\latex\graphics\graphicx.sty
Package: graphicx 1999/02/16 v1.0f Enhanced LaTeX Graphics (DPC,SPQR)

(F:\Software\CTEX\MiKTeX\tex\latex\graphics\keyval.sty
Package: keyval 1999/03/16 v1.13 key=value parser (DPC)
\KV@toks@=\toks20
)
(F:\Software\CTEX\MiKTeX\tex\latex\graphics\graphics.sty
Package: graphics 2009/02/05 v1.0o Standard LaTeX Graphics (DPC,SPQR)

(F:\Software\CTEX\MiKTeX\tex\latex\graphics\trig.sty
Package: trig 1999/03/16 v1.09 sin cos tan (DPC)
)
(F:\Software\CTEX\MiKTeX\tex\latex\00miktex\graphics.cfg
File: graphics.cfg 2007/01/18 v1.5 graphics configuration of teTeX/TeXLive
)
Package graphics Info: Driver file: pdftex.def on input line 91.

(F:\Software\CTEX\MiKTeX\tex\latex\pdftex-def\pdftex.def
File: pdftex.def 2011/05/27 v0.06d Graphics/color for pdfTeX

(F:\Software\CTEX\MiKTeX\tex\generic\oberdiek\infwarerr.sty
Package: infwarerr 2010/04/08 v1.3 Providing info/warning/message (HO)
)
(F:\Software\CTEX\MiKTeX\tex\generic\oberdiek\ltxcmds.sty
Package: ltxcmds 2011/04/18 v1.20 LaTeX kernel commands for general use (HO)
)
\Gread@gobject=\count103
))
\Gin@req@height=\dimen122
\Gin@req@width=\dimen123
)
("D:\courses_UM\SURF\progress report\final report\latex\final_report_7.aux"

LaTeX Warning: Label `figurelabel' multiply defined.


LaTeX Warning: Label `figurelabel' multiply defined.


LaTeX Warning: Label `figurelabel' multiply defined.


LaTeX Warning: Label `figurelabel' multiply defined.


LaTeX Warning: Label `figurelabel' multiply defined.

)
LaTeX Font Info:    Checking defaults for OML/cmm/m/it on input line 44.
LaTeX Font Info:    ... okay on input line 44.
LaTeX Font Info:    Checking defaults for T1/cmr/m/n on input line 44.
LaTeX Font Info:    ... okay on input line 44.
LaTeX Font Info:    Checking defaults for OT1/cmr/m/n on input line 44.
LaTeX Font Info:    ... okay on input line 44.
LaTeX Font Info:    Checking defaults for OMS/cmsy/m/n on input line 44.
LaTeX Font Info:    ... okay on input line 44.
LaTeX Font Info:    Checking defaults for OMX/cmex/m/n on input line 44.
LaTeX Font Info:    ... okay on input line 44.
LaTeX Font Info:    Checking defaults for U/cmr/m/n on input line 44.
LaTeX Font Info:    ... okay on input line 44.
 (F:\Software\CTEX\MiKTeX\tex\context\base\supp-pdf.mkii
[Loading MPS to PDF converter (version 2006.09.02).]
\scratchcounter=\count104
\scratchdimen=\dimen124
\scratchbox=\box29
\nofMPsegments=\count105
\nofMParguments=\count106
\everyMPshowfont=\toks21
\MPscratchCnt=\count107
\MPscratchDim=\dimen125
\MPnumerator=\count108
\makeMPintoPDFobject=\count109
\everyMPtoPDFconversion=\toks22
)
LaTeX Font Info:    Try loading font information for U+msa on input line 48.
 (F:\Software\CTEX\MiKTeX\tex\latex\amsfonts\umsa.fd
File: umsa.fd 2009/06/22 v3.00 AMS symbols A
)
LaTeX Font Info:    Try loading font information for U+msb on input line 48.

(F:\Software\CTEX\MiKTeX\tex\latex\amsfonts\umsb.fd
File: umsb.fd 2009/06/22 v3.00 AMS symbols B
) [1{F:/Software/CTEX/UserData/pdftex/config/pdftex.map{Unicode.sfd}{UGBK.sfd}}


]
<figure3.jpg, id=11, 1104.125pt x 1455.4375pt>
File: figure3.jpg Graphic file (type jpg)
 <use figure3.jpg>
Package pdftex.def Info: figure3.jpg used on input line 110.
(pdftex.def)             Requested size: 209.78593pt x 276.536pt.
 [2 <D:/courses_UM/SURF/progress report/final report/latex/figure3.jpg>]
<figure2.jpg, id=15, 503.63156pt x 215.30438pt>
File: figure2.jpg Graphic file (type jpg)
 <use figure2.jpg>
Package pdftex.def Info: figure2.jpg used on input line 159.
(pdftex.def)             Requested size: 226.6321pt x 96.88606pt.
 [3 <D:/courses_UM/SURF/progress report/final report/latex/figure2.jpg>]
Overfull \hbox (1.651pt too wide) detected at line 268
\OML/cmm/m/it/10 C[] []
 []


Underfull \hbox (badness 10000) in paragraph at lines 302--303
 \OT1/ptm/b/it/10 Sys-tem vari-ables\OT1/ptm/m/it/10 : [] \OT1/ptm/m/n/10 The s
ys-tem out-put in-cludes
 []

[4] [5] <initial.jpg, id=30, 645.91313pt x 399.74344pt>
File: initial.jpg Graphic file (type jpg)
 <use initial.jpg>
Package pdftex.def Info: initial.jpg used on input line 468.
(pdftex.def)             Requested size: 238.98412pt x 147.90274pt.

<intermediate_4.jpg, id=31, 645.16031pt x 398.99063pt>
File: intermediate_4.jpg Graphic file (type jpg)

<use intermediate_4.jpg>
Package pdftex.def Info: intermediate_4.jpg used on input line 478.
(pdftex.def)             Requested size: 238.70557pt x 147.62422pt.
 <result_3.jpg, id=32, 645.91313pt x 399.74344pt>
File: result_3.jpg Graphic file (type jpg)

<use result_3.jpg>
Package pdftex.def Info: result_3.jpg used on input line 489.
(pdftex.def)             Requested size: 238.98412pt x 147.90274pt.
 <staticavoid_2.jpg, id=33, 646.66594pt x 399.74344pt>
File: staticavoid_2.jpg Graphic file (type jpg)

<use staticavoid_2.jpg>
Package pdftex.def Info: staticavoid_2.jpg used on input line 499.
(pdftex.def)             Requested size: 239.26265pt x 147.90274pt.
 [6 <D:/courses_UM/SURF/progress report/final report/latex/initial.jpg>]
Underfull \hbox (badness 1565) in paragraph at lines 561--563
[]\OT1/ptm/m/n/8 W. Damm. Contract-based anal-y-sis of au-to-mo-tive and avion-
ic-
 []


Underfull \hbox (badness 2707) in paragraph at lines 561--563
\OT1/ptm/m/n/8 s ap-pli-ca-tion-s: The SPEED-S ap-proach. In $[]$
 []

Missing character: There is no ´ in font ptmr7t!
[7 <D:/courses_UM/SURF/progress report/final report/latex/intermediate_4.jpg> <
D:/courses_UM/SURF/progress report/final report/latex/result_3.jpg> <D:/courses
_UM/SURF/progress report/final report/latex/staticavoid_2.jpg>]
Missing character: There is no ´ in font ptmr7t!

Underfull \hbox (badness 1831) in paragraph at lines 568--571
[]\OT1/ptm/m/n/8 V. Ra-man, A. Donze, D. Sadigh, R. M. Mur-ray, and S. A.
 []


Underfull \hbox (badness 2707) in paragraph at lines 568--571
\OT1/ptm/m/n/8 Se-shi-a. Re-ac-tive syn-the-sis from sig-nal tem-po-ral log-ic 
spec-i-fi-
 []


Underfull \hbox (badness 10000) in paragraph at lines 573--574
[]\OT1/ptm/m/n/8 Mathworks.com, 'Robotic-s Sys-tem Tool-box -
 []


Underfull \hbox (badness 10000) in paragraph at lines 573--574
\OT1/ptm/m/n/8 Simulink and MAT-LAB', 2015. [On-line]. Avail-able:
 []


Underfull \hbox (badness 10000) in paragraph at lines 573--574
\OT1/ptm/m/n/8 http://www.mathworks.com/products/robotics/?refresh=true.
 []


** Conference Paper **
Before submitting the final camera ready copy, remember to:

 1. Manually equalize the lengths of two columns on the last page
 of your paper;

 2. Ensure that any PostScript and/or PDF output post-processing
 uses only Type 1 fonts and that every step in the generation
 process uses the US letter (8.5in X 11in) paper size.

[8

] ("D:\courses_UM\SURF\progress report\final report\latex\final_report_7.aux")

LaTeX Warning: There were multiply-defined labels.

 ) 
Here is how much of TeX's memory you used:
 2638 strings out of 495354
 36154 string characters out of 3183354
 99480 words of memory out of 3000000
 5793 multiletter control sequences out of 15000+200000
 43336 words of font info for 88 fonts, out of 3000000 for 9000
 14 hyphenation exceptions out of 8191
 27i,19n,24p,1485b,287s stack positions out of 5000i,500n,10000p,200000b,50000s
{F:/Software/CTEX/MiKTeX/fonts/enc/dvips/fontname/8r.enc}<F:/Software/CTEX/Mi
KTeX/fonts/type1/public/amsfonts/cm/cmex10.pfb><F:/Software/CTEX/MiKTeX/fonts/t
ype1/public/amsfonts/cm/cmmi10.pfb><F:/Software/CTEX/MiKTeX/fonts/type1/public/
amsfonts/cm/cmmi7.pfb><F:/Software/CTEX/MiKTeX/fonts/type1/public/amsfonts/cm/c
mr10.pfb><F:/Software/CTEX/MiKTeX/fonts/type1/public/amsfonts/cm/cmr5.pfb><F:/S
oftware/CTEX/MiKTeX/fonts/type1/public/amsfonts/cm/cmr7.pfb><F:/Software/CTEX/M
iKTeX/fonts/type1/public/amsfonts/cm/cmsy10.pfb><F:/Software/CTEX/MiKTeX/fonts/
type1/public/amsfonts/cm/cmsy7.pfb><F:/Software/CTEX/MiKTeX/fonts/type1/public/
amsfonts/symbols/msam10.pfb><F:/Software/CTEX/MiKTeX/fonts/type1/urw/times/utmb
8a.pfb><F:/Software/CTEX/MiKTeX/fonts/type1/urw/times/utmbi8a.pfb><F:/Software/
CTEX/MiKTeX/fonts/type1/urw/times/utmr8a.pfb><F:/Software/CTEX/MiKTeX/fonts/typ
e1/urw/times/utmri8a.pfb>
Output written on final_report_7.pdf (8 pages, 855150 bytes).
PDF statistics:
 88 PDF objects out of 1000 (max. 8388607)
 0 named destinations out of 1000 (max. 500000)
 31 words of extra memory for PDF output out of 10000 (max. 10000000)

